/index.html服务已启动
/index.html
服务已启动
/login.html
/login.css
/img/logo.jpg
/favicon.ico
服务已启动
/login.html
/login.css
/img/logo.jpg
/login.abc
服务已启动
/login.abc
/login.html
/login.css
/img/logo.jpg
/login.css
/login.html
/login.css
/img/logo.jpg
服务已启动
/login.html
/login.css
/img/logo.jpg
/login.abc
/getDate
服务已启动
/login.html
/login.css
/img/logo.jpg
/login.html
/login.css
/img/logo.jpg
服务已启动
/login.html
/login.css
/img/logo.jpg
/login
/login.html
/login.css
/img/logo.jpg
服务已启动
/login.html
/login.css
/img/logo.jpg
/login.html
/login.css
/img/logo.jpg
服务已启动
服务已启动
/login.html
/login.css
/img/logo.jpg
/login.html
/login.css
/img/logo.jpg
服务已启动
/loginstu_num=password=
/loginstu_num=123456password=123456
/loginstu_num=123456password=123456
服务已启动
/login.html
/login.css
/img/logo.jpg
/loginstu_num%20=%20gfd&password%20=%20gfd
服务已启动
/login.html
/login.css
/img/logo.jpg
/login
/login.html
/login.css
/img/logo.jpg
/login
服务已启动
/login.html
/login.css
/img/logo.jpg
/login
服务已启动
/login
/login.html
/login.css
/img/logo.jpg
/login
服务已启动
/login
/login.html
/login.css
/img/logo.jpg
/login
服务已启动
/login
/login.html
/login.css
/img/logo.jpg
/login
服务已启动
/login
/login.html
/login.css
/img/logo.jpg
/login
/login
服务已启动
/login.html
/login.css
/img/logo.jpg
/login
/login.html
/login.css
/img/logo.jpg
服务已启动
/login.html
/login.css
/img/logo.jpg
/login
服务已启动
/login.html
/login.css
/img/logo.jpg
/login
服务已启动
/login.html
/login.css
/img/logo.jpg
/login
服务已启动
/login.html
/login.css
/img/logo.jpg
/login
服务已启动
/login
/login.html
/login.css
/img/logo.jpg
服务已启动
/login.html
/login.css
/img/logo.jpg
/login
/login.html
/login.css
/img/logo.jpg
服务已启动
/login.html
/login.css
/img/logo.jpg
/login
服务已启动
/login.html
/login.css
/img/logo.jpg
/login
服务已启动
/login.html
/login.css
/img/logo.jpg
/login
服务已启动
/login.html
/login.css
/img/logo.jpg
/login
服务已启动
/login.html
/login.css
/img/logo.jpg
/login.html
/login.css
/img/logo.jpg
服务已启动
/login.html
/login.css
/img/logo.jpg
/login
/login.css
服务已启动
/login.html
/login.css
/img/logo.jpg
/login
服务已启动
/login.html
/login.css
/img/logo.jpg
/login
服务已启动
/login.html
/login.css
/img/logo.jpg
/login
服务已启动
/login.html
/login.css
/img/logo.jpg
/login
服务已启动
/login.html
/login.css
/img/logo.jpg
/login
/login.html
/login.css
/img/logo.jpg
服务已启动
/login.html
/login.css
/img/logo.jpg
/login
服务已启动
/login.html
/login.css
/img/logo.jpg
/login
服务已启动
/login.html
/login.css
/img/logo.jpg
/login
服务已启动
/login.html
/login.css
/img/logo.jpg
/login.html
/login.css
/img/logo.jpg
/login.html
/login.css
/img/logo.jpg
/login.html
/login.css
/img/logo.jpg
/img/logo.jpg
/loginstu_num=&password=
/login.html
/login.css
/img/logo.jpg
/login
服务已启动
/login.html
/login.css
/img/logo.jpg
/login
服务已启动
/login.html
/login.css
/img/logo.jpg
/login
/login
/login
/login
/login
/login
/login
服务已启动
/login
/login.html
/login.css
/img/logo.jpg
/login.html
/login.css
/img/logo.jpg
/login.html
/login.css
/img/logo.jpg
/login.html
/login.css
/img/logo.jpg
/login
服务已启动
/login.html
/login.css
/img/logo.jpg
服务已启动
服务已启动
服务已启动
服务已启动
服务已启动
服务已启动
服务已启动
/login.html
/login.css
/img/logo.jpg
/login
服务已启动
/login.html
/login.css
/img/logo.jpg
/login
服务已启动
服务已启动
服务已启动
服务已启动
服务已启动
服务已启动
服务已启动
服务已启动
/login
服务已启动
服务已启动
服务已启动
/login.html
/login.css
/img/logo.jpg
服务已启动
服务已启动
/login
服务已启动
/login.html
/login.css
/img/logo.jpg
/login
/login
服务已启动
服务已启动
服务已启动
服务已启动
/login.html
/login.css
/img/logo.jpg
/login.css
服务已启动
/login
/login.html
/login.css
/img/logo.jpg
/login
服务已启动
/login
服务已启动
/login
/login.html
/login.css
/img/logo.jpg
/login
服务已启动
/login.html
/login.css
/img/logo.jpg
服务已启动
服务已启动
服务已启动
/login.html
/login.css
/img/logo.jpg
服务已启动
/login
服务已启动
服务已启动
服务已启动
/login.html
/login.css
/img/logo.jpg
服务已启动
服务已启动
/login
服务已启动
/login
/login.html
/login.css
/img/logo.jpg
/login
服务已启动
服务已启动
服务已启动
/login.html
/login.css
/img/logo.jpg
/login
/login
/login
/login
/login
服务已启动
/login.html
/login.css
/img/logo.jpg
/login.html
/login.css
/img/logo.jpg
/login
服务已启动
/login
服务已启动
/login.html
/login.css
/img/logo.jpg
/login
服务已启动
/login.html
/login.css
/img/logo.jpg
/favicon.ico
/login
/login.css
/login.html
/login.css
/img/logo.jpg
/login
服务已启动
/login.html
/login.css
/img/logo.jpg
/login
/login.html
/login.css
/img/logo.jpg
/login
/main.html
/login
/error.html
服务已启动
/error.html
/login.html
/login.css
/img/logo.jpg
/login
服务已启动
/login
/login.html
/login.css
/img/logo.jpg
/login
服务已启动
/login
/login.html
/login.css
/img/logo.jpg
/login
服务已启动
/login
服务已启动
服务已启动
/login
/login
/login
/login.html
/login.html
/login.css
/img/logo.jpg
/login
服务已启动
/login
服务已启动
/login
/login
/
/login.html
/login.css
/img/logo.jpg
/login
/login
服务已启动
服务已启动
/login.html
/login.css
/img/logo.jpg
/login.html
/login.css
/img/logo.jpg
/login
服务已启动
/login
/login.html
/login.css
/img/logo.jpg
/login
/main.html
服务已启动
/login
服务已启动
/login
服务已启动
/login
/login
/login
服务已启动
/login
服务已启动
服务已启动
/login
服务已启动
/login
服务已启动
/login.html
/login.css
/img/logo.jpg
/login
服务已启动
/login
/login.html
/login.css
/img/logo.jpg
/login
服务已启动
/login.html
/login.css
/img/logo.jpg
/login
服务已启动
/login
服务已启动
/login
服务已启动
/login
服务已启动
服务已启动
/login
/main.html
/login
/error.html
服务已启动
/login
/login.html
/login.css
/img/logo.jpg
/login
/main.html
服务已启动
/main.html
/login
/main.html
服务已启动
/login.html
/login.css
/img/logo.jpg
服务已启动
/login.html
/login.css
/img/logo.jpg
/login.css
/login.html
/login.css
/img/logo.jpg
/login
/main.html
服务已启动
/main.html
/login.html
/login.css
/img/logo.jpg
服务已启动
服务已启动
服务已启动
服务已启动
服务已启动
服务已启动
服务已启动
服务已启动
服务已启动
服务已启动
服务已启动
服务已启动
服务已启动
服务已启动
/login.html
/login.css
/img/logo.jpg
/login.html
/login.css
/img/logo.jpg
/login.html
/login.css
/img/logo.jpg
服务已启动
/login.html
/login.css
/img/logo.jpg
服务已启动
服务已启动
/login.html
/login.css
/img/logo.jpg
服务已启动
/login.html
/login.css
/img/logo.jpg
服务已启动
服务已启动
服务已启动
/login.html
/login.css
/img/logo.jpg
/main.html
/login.html
/login.css
/img/logo.jpg
服务已启动
/login.html
/login.css
/img/logo.jpg
服务已启动
/login.html
/login.css
/img/logo.jpg
/login
服务已启动
服务已启动
服务已启动
服务已启动
服务已启动
/login.html
/login.css
/img/logo.jpg
服务已启动
/login.html
/login.css
/img/logo.jpg
/login
服务已启动
服务已启动
服务已启动
/login.html
/login.html
/login.css
/img/logo.jpg
/login
/main.html
/main.html
/[object%20FormData]
服务已启动
/main.html
/[object%20FormData]
服务已启动
/main.html
/testFileUpload
服务已启动
/testFileUpload
/main.html
/testFileUpload
服务已启动
/main.html
/testFileUpload
/testFileUpload
服务已启动
/login.html
/login.css
/img/logo.jpg
/login
/main.html
/testFileUpload
服务已启动
/main.html
/testFileUpload
服务已启动
服务已启动
/
/login.html
/login.css
/img/logo.jpg
/favicon.ico
